<?xml version='1.0' encoding='UTF-8'?>
<testsuite hostname="65cf0b3762ba" name="com.cscie88a.week7.FunctionUtilsTest" tests="2" errors="0" failures="1" skipped="0" time="0.116" timestamp="2020-04-17T02:18:27">
                     <properties>
[...]
</properties>
                     <testcase classname="com.cscie88a.week7.FunctionUtilsTest" name="FunctionUtils should return same value for function applied twice" time="0.113">
                                                 <failure message="9 was not equal to 13" type="org.scalatest.exceptions.TestFailedException">org.scalatest.exceptions.TestFailedException: 9 was not equal to 13
	at org.scalatest.MatchersHelper$.indicateFailure(MatchersHelper.scala:343)
	at org.scalatest.Matchers$ShouldMethodHelper$.shouldMatcher(Matchers.scala:6723)
	at org.scalatest.Matchers$AnyShouldWrapper.should(Matchers.scala:6759)
	at com.cscie88a.week7.FunctionUtilsTest.$anonfun$new$2(FunctionUtilsTest.scala:15)
	at org.scalatest.OutcomeOf.outcomeOf(OutcomeOf.scala:85)
	at org.scalatest.OutcomeOf.outcomeOf$(OutcomeOf.scala:83)
	at org.scalatest.OutcomeOf$.outcomeOf(OutcomeOf.scala:104)
	at org.scalatest.Transformer.apply(Transformer.scala:22)
	at org.scalatest.Transformer.apply(Transformer.scala:20)
	at org.scalatest.WordSpecLike$$anon$3.apply(WordSpecLike.scala:1075)
	at org.scalatest.TestSuite.withFixture(TestSuite.scala:196)
	at org.scalatest.TestSuite.withFixture$(TestSuite.scala:195)
	at org.scalatest.WordSpec.withFixture(WordSpec.scala:1881)
	at org.scalatest.WordSpecLike.invokeWithFixture$1(WordSpecLike.scala:1073)
	at org.scalatest.WordSpecLike.$anonfun$runTest$1(WordSpecLike.scala:1085)
	at org.scalatest.SuperEngine.runTestImpl(Engine.scala:286)
	at org.scalatest.WordSpecLike.runTest(WordSpecLike.scala:1085)
	at org.scalatest.WordSpecLike.runTest$(WordSpecLike.scala:1067)
	at org.scalatest.WordSpec.runTest(WordSpec.scala:1881)
	at org.scalatest.WordSpecLike.$anonfun$runTests$1(WordSpecLike.scala:1144)
	at org.scalatest.SuperEngine.$anonfun$runTestsInBranch$1(Engine.scala:393)
	at scala.collection.immutable.List.foreach(List.scala:392)
	at org.scalatest.SuperEngine.traverseSubNodes$1(Engine.scala:381)
	at org.scalatest.SuperEngine.runTestsInBranch(Engine.scala:370)
	at org.scalatest.SuperEngine.$anonfun$runTestsInBranch$1(Engine.scala:407)
	at scala.collection.immutable.List.foreach(List.scala:392)
	at org.scalatest.SuperEngine.traverseSubNodes$1(Engine.scala:381)
	at org.scalatest.SuperEngine.runTestsInBranch(Engine.scala:376)
	at org.scalatest.SuperEngine.runTestsImpl(Engine.scala:458)
	at org.scalatest.WordSpecLike.runTests(WordSpecLike.scala:1144)
	at org.scalatest.WordSpecLike.runTests$(WordSpecLike.scala:1143)
	at org.scalatest.WordSpec.runTests(WordSpec.scala:1881)
	at org.scalatest.Suite.run(Suite.scala:1124)
	at org.scalatest.Suite.run$(Suite.scala:1106)
	at org.scalatest.WordSpec.org$scalatest$WordSpecLike$$super$run(WordSpec.scala:1881)
	at org.scalatest.WordSpecLike.$anonfun$run$1(WordSpecLike.scala:1189)
	at org.scalatest.SuperEngine.runImpl(Engine.scala:518)
	at org.scalatest.WordSpecLike.run(WordSpecLike.scala:1189)
	at org.scalatest.WordSpecLike.run$(WordSpecLike.scala:1187)
	at com.cscie88a.week7.FunctionUtilsTest.org$scalatest$BeforeAndAfterAll$$super$run(FunctionUtilsTest.scala:5)
	at org.scalatest.BeforeAndAfterAll.liftedTree1$1(BeforeAndAfterAll.scala:213)
	at org.scalatest.BeforeAndAfterAll.run(BeforeAndAfterAll.scala:210)
	at org.scalatest.BeforeAndAfterAll.run$(BeforeAndAfterAll.scala:208)
	at com.cscie88a.week7.FunctionUtilsTest.run(FunctionUtilsTest.scala:5)
	at org.scalatest.tools.Framework.org$scalatest$tools$Framework$$runSuite(Framework.scala:317)
	at org.scalatest.tools.Framework$ScalaTestTask.execute(Framework.scala:510)
	at sbt.TestRunner.runTest$1(TestFramework.scala:139)
	at sbt.TestRunner.run(TestFramework.scala:154)
	at sbt.TestFramework$$anon$3$$anonfun$$lessinit$greater$1.$anonfun$apply$1(TestFramework.scala:317)
	at sbt.TestFramework$.sbt$TestFramework$$withContextLoader(TestFramework.scala:277)
	at sbt.TestFramework$$anon$3$$anonfun$$lessinit$greater$1.apply(TestFramework.scala:317)
	at sbt.TestFramework$$anon$3$$anonfun$$lessinit$greater$1.apply(TestFramework.scala:317)
	at sbt.TestFunction.apply(TestFramework.scala:329)
	at sbt.Tests$.$anonfun$toTask$1(Tests.scala:311)
	at sbt.std.Transform$$anon$3.$anonfun$apply$2(Transform.scala:46)
	at sbt.std.Transform$$anon$4.work(Transform.scala:67)
	at sbt.Execute.$anonfun$submit$2(Execute.scala:281)
	at sbt.internal.util.ErrorHandling$.wideConvert(ErrorHandling.scala:19)
	at sbt.Execute.work(Execute.scala:290)
	at sbt.Execute.$anonfun$submit$1(Execute.scala:281)
	at sbt.ConcurrentRestrictions$$anon$4.$anonfun$submitValid$1(ConcurrentRestrictions.scala:178)
	at sbt.CompletionService$$anon$2.call(CompletionService.scala:37)
	at java.base/java.util.concurrent.FutureTask.run(FutureTask.java:264)
	at java.base/java.util.concurrent.Executors$RunnableAdapter.call(Executors.java:515)
	at java.base/java.util.concurrent.FutureTask.run(FutureTask.java:264)
	at java.base/java.util.concurrent.ThreadPoolExecutor.runWorker(ThreadPoolExecutor.java:1128)
	at java.base/java.util.concurrent.ThreadPoolExecutor$Worker.run(ThreadPoolExecutor.java:628)
	at java.base/java.lang.Thread.run(Thread.java:834)
</failure>
                                               </testcase><testcase classname="com.cscie88a.week7.FunctionUtilsTest" name="FunctionUtils should return same value for function applied twice with a function" time="0.003">
                                                 
                                               </testcase>
                     <system-out><![CDATA[]]></system-out>
                     <system-err><![CDATA[]]></system-err>
                   </testsuite>