<?xml version='1.0' encoding='UTF-8'?>
<testsuite hostname="65cf0b3762ba" name="com.cscie88a.week3.DogTest" tests="9" errors="0" failures="0" skipped="0" time="0.11" timestamp="2020-04-17T02:18:27">
                     <properties>
[...]
</properties>
                     <testcase classname="com.cscie88a.week3.DogTest" name="Dog case class should create a Dog instance without using the new operator" time="0.088">
                                                 
                                               </testcase><testcase classname="com.cscie88a.week3.DogTest" name="Dog case class should have the correct age" time="0.0">
                                                 
                                               </testcase><testcase classname="com.cscie88a.week3.DogTest" name="Dog case class should indicate that a puppy needs training" time="0.003">
                                                 
                                               </testcase><testcase classname="com.cscie88a.week3.DogTest" name="Dog case class should indicate that an old dog does not need training" time="0.001">
                                                 
                                               </testcase><testcase classname="com.cscie88a.week3.DogTest" name="Dog case class should create a dog from comma separated values" time="0.009">
                                                 
                                               </testcase><testcase classname="com.cscie88a.week3.DogTest" name="DogAggregator should calculate average with ones" time="0.008">
                                                 
                                               </testcase><testcase classname="com.cscie88a.week3.DogTest" name="DogAggregator should calculate avg correctly for a single dog" time="0.0">
                                                 
                                               </testcase><testcase classname="com.cscie88a.week3.DogTest" name="DogAggregator should calculate avg correctly for 3 dogs" time="0.001">
                                                 
                                               </testcase><testcase classname="com.cscie88a.week3.DogTest" name="DogAggregator should add two dogs correctly" time="0.0">
                                                 
                                               </testcase>
                     <system-out><![CDATA[]]></system-out>
                     <system-err><![CDATA[]]></system-err>
                   </testsuite>